2021-04-27 15:55:57,742 [INFO] Activator:170 - 


2021-04-27 15:55:57,786 [INFO] Activator:171 - !SESSION log4j initialized
2021-04-27 16:00:10,429 [INFO] McuFinderGlobals:39 - Set McuFinder mode to 2 (CubeIDE integrated)
2021-04-27 16:00:15,963 [INFO] ApplicationProperties:181 - Using Application install path: C:\ST\STM32CubeIDE_1.6.0\STM32CubeIDE\plugins\com.st.stm32cube.common.mx_6.2.0.202102191602
2021-04-27 16:00:16,048 [INFO] DbMcusXml:74 - Set database path to: C:\ST\STM32CubeIDE_1.6.0\STM32CubeIDE\plugins\com.st.stm32cube.common.mx_6.2.0.202102191602\\db\/mcu/
2021-04-27 16:00:16,048 [INFO] DbBoardsPdsc:56 - Set plugin database path to: C:\ST\STM32CubeIDE_1.6.0\STM32CubeIDE\plugins\com.st.stm32cube.common.mx_6.2.0.202102191602\\db\/plugins/boardmanager/
2021-04-27 16:00:16,079 [INFO] DbMcus:258 - Set plugin images path to: C:\ST\STM32CubeIDE_1.6.0\STM32CubeIDE\plugins\com.st.stm32cube.common.mx_6.2.0.202102191602\\db\/plugins/mcufinder/images/
2021-04-27 16:00:16,079 [INFO] DbBoards:264 - Set plugin images path to: C:\ST\STM32CubeIDE_1.6.0\STM32CubeIDE\plugins\com.st.stm32cube.common.mx_6.2.0.202102191602\\db\/plugins/mcufinder/images/
2021-04-27 16:00:16,079 [INFO] DbExamples:333 - Set plugin images path to: C:\ST\STM32CubeIDE_1.6.0\STM32CubeIDE\plugins\com.st.stm32cube.common.mx_6.2.0.202102191602\\db\/plugins/mcufinder/images/
2021-04-27 16:00:29,003 [WARN] ApiFinderProperties:104 - C:\Users\Miguel Ravagnani\.stmcufinder\plugins\mcufinder\mcu\mcuFinder.mfd doesn't exist
2021-04-27 16:00:29,062 [INFO] DbMcusAds:85 - Set database path to: C:\Users\Miguel Ravagnani\.stmcufinder\plugins\mcufinder//mcu/
2021-04-27 16:00:29,084 [INFO] DbMcusDocs:110 - Set database path to: C:\Users\Miguel Ravagnani\.stmcufinder\plugins\mcufinder//mcu/
2021-04-27 16:00:29,100 [INFO] DbMcusJson:65 - Set database path to: C:\Users\Miguel Ravagnani\.stmcufinder\plugins\mcufinder//mcu/
2021-04-27 16:00:29,104 [INFO] DbBoardsDocs:110 - Set database path to: C:\Users\Miguel Ravagnani\.stmcufinder\plugins\mcufinder//mcu/
2021-04-27 16:00:29,116 [INFO] DbBoardsJson:58 - Set database path to: C:\Users\Miguel Ravagnani\.stmcufinder\plugins\mcufinder//mcu/
2021-04-27 16:00:29,148 [INFO] CrossReferenceDbSqlite:196 - Set database path to: C:\Users\Miguel Ravagnani\.stmcufinder\plugins\mcufinder//mcu/cs/
2021-04-27 16:00:29,167 [INFO] DbExamplesSqlite:690 - Set database path to: C:\Users\Miguel Ravagnani\.stmcufinder\plugins\mcufinder//mcu/
2021-04-27 16:00:31,039 [INFO] RulesReader:52 - Compatibility file has been processed (237 Rules)
2021-04-27 16:00:32,720 [INFO] MicroXplorer:622 - Detected Java Version = 11.0.9.1
2021-04-27 16:00:32,724 [INFO] DbMcusXml:74 - Set database path to: C:\ST\STM32CubeIDE_1.6.0\STM32CubeIDE\plugins\com.st.stm32cube.common.mx_6.2.0.202102191602\\db\/mcu/
2021-04-27 16:00:32,724 [INFO] DbBoardsPdsc:56 - Set plugin database path to: C:\ST\STM32CubeIDE_1.6.0\STM32CubeIDE\plugins\com.st.stm32cube.common.mx_6.2.0.202102191602\\db\/plugins/boardmanager/
2021-04-27 16:00:32,724 [INFO] DbMcus:258 - Set plugin images path to: C:\ST\STM32CubeIDE_1.6.0\STM32CubeIDE\plugins\com.st.stm32cube.common.mx_6.2.0.202102191602\\db\/plugins/mcufinder/images/
2021-04-27 16:00:32,724 [INFO] DbBoards:264 - Set plugin images path to: C:\ST\STM32CubeIDE_1.6.0\STM32CubeIDE\plugins\com.st.stm32cube.common.mx_6.2.0.202102191602\\db\/plugins/mcufinder/images/
2021-04-27 16:00:32,724 [INFO] DbExamples:333 - Set plugin images path to: C:\ST\STM32CubeIDE_1.6.0\STM32CubeIDE\plugins\com.st.stm32cube.common.mx_6.2.0.202102191602\\db\/plugins/mcufinder/images/
2021-04-27 16:00:32,724 [WARN] DbFile:35 - Overriding database path with different value: C:\Users\Miguel Ravagnani\.stmcufinder\plugins\mcufinder/ => C:\Users\Miguel Ravagnani\.stmcufinder\plugins\mcufinder
2021-04-27 16:00:32,724 [INFO] DbMcusAds:85 - Set database path to: C:\Users\Miguel Ravagnani\.stmcufinder\plugins\mcufinder//mcu/
2021-04-27 16:00:32,724 [WARN] DbFile:35 - Overriding database path with different value: C:\Users\Miguel Ravagnani\.stmcufinder\plugins\mcufinder/ => C:\Users\Miguel Ravagnani\.stmcufinder\plugins\mcufinder
2021-04-27 16:00:32,724 [INFO] DbMcusDocs:110 - Set database path to: C:\Users\Miguel Ravagnani\.stmcufinder\plugins\mcufinder//mcu/
2021-04-27 16:00:32,724 [WARN] DbFile:35 - Overriding database path with different value: C:\Users\Miguel Ravagnani\.stmcufinder\plugins\mcufinder/ => C:\Users\Miguel Ravagnani\.stmcufinder\plugins\mcufinder
2021-04-27 16:00:32,728 [INFO] DbMcusJson:65 - Set database path to: C:\Users\Miguel Ravagnani\.stmcufinder\plugins\mcufinder//mcu/
2021-04-27 16:00:32,728 [WARN] DbFile:35 - Overriding database path with different value: C:\Users\Miguel Ravagnani\.stmcufinder\plugins\mcufinder/ => C:\Users\Miguel Ravagnani\.stmcufinder\plugins\mcufinder
2021-04-27 16:00:32,728 [INFO] DbBoardsDocs:110 - Set database path to: C:\Users\Miguel Ravagnani\.stmcufinder\plugins\mcufinder//mcu/
2021-04-27 16:00:32,728 [WARN] DbFile:35 - Overriding database path with different value: C:\Users\Miguel Ravagnani\.stmcufinder\plugins\mcufinder/ => C:\Users\Miguel Ravagnani\.stmcufinder\plugins\mcufinder
2021-04-27 16:00:32,728 [INFO] DbBoardsJson:58 - Set database path to: C:\Users\Miguel Ravagnani\.stmcufinder\plugins\mcufinder//mcu/
2021-04-27 16:00:32,728 [WARN] DbFile:35 - Overriding database path with different value: C:\Users\Miguel Ravagnani\.stmcufinder\plugins\mcufinder/ => C:\Users\Miguel Ravagnani\.stmcufinder\plugins\mcufinder
2021-04-27 16:00:32,728 [WARN] DbFile:35 - Overriding database path with different value: C:\Users\Miguel Ravagnani\.stmcufinder\plugins\mcufinder/ => C:\Users\Miguel Ravagnani\.stmcufinder\plugins\mcufinder
2021-04-27 16:00:32,728 [INFO] CrossReferenceDbSqlite:196 - Set database path to: C:\Users\Miguel Ravagnani\.stmcufinder\plugins\mcufinder//mcu/cs/
2021-04-27 16:00:32,728 [WARN] DbFile:35 - Overriding database path with different value: C:\Users\Miguel Ravagnani\.stmcufinder\plugins\mcufinder/ => C:\Users\Miguel Ravagnani\.stmcufinder\plugins\mcufinder
2021-04-27 16:00:32,728 [INFO] DbExamplesSqlite:690 - Set database path to: C:\Users\Miguel Ravagnani\.stmcufinder\plugins\mcufinder//mcu/
2021-04-27 16:00:33,235 [INFO] MainPanel:204 - HeapMemory: 454033408
2021-04-27 16:00:33,792 [INFO] DbMcusXml:74 - Set database path to: C:\ST\STM32CubeIDE_1.6.0\STM32CubeIDE\plugins\com.st.stm32cube.common.mx_6.2.0.202102191602\\db\/mcu/
2021-04-27 16:00:33,792 [INFO] DbBoardsPdsc:56 - Set plugin database path to: C:\ST\STM32CubeIDE_1.6.0\STM32CubeIDE\plugins\com.st.stm32cube.common.mx_6.2.0.202102191602\\db\/plugins/boardmanager/
2021-04-27 16:00:33,792 [INFO] DbMcus:258 - Set plugin images path to: C:\ST\STM32CubeIDE_1.6.0\STM32CubeIDE\plugins\com.st.stm32cube.common.mx_6.2.0.202102191602\\db\/plugins/mcufinder/images/
2021-04-27 16:00:33,792 [INFO] DbBoards:264 - Set plugin images path to: C:\ST\STM32CubeIDE_1.6.0\STM32CubeIDE\plugins\com.st.stm32cube.common.mx_6.2.0.202102191602\\db\/plugins/mcufinder/images/
2021-04-27 16:00:33,792 [INFO] DbExamples:333 - Set plugin images path to: C:\ST\STM32CubeIDE_1.6.0\STM32CubeIDE\plugins\com.st.stm32cube.common.mx_6.2.0.202102191602\\db\/plugins/mcufinder/images/
2021-04-27 16:00:33,800 [WARN] DbFile:35 - Overriding database path with different value: C:\Users\Miguel Ravagnani\.stmcufinder\plugins\mcufinder/ => C:\Users\Miguel Ravagnani\.stmcufinder\plugins\mcufinder
2021-04-27 16:00:33,800 [INFO] DbMcusAds:85 - Set database path to: C:\Users\Miguel Ravagnani\.stmcufinder\plugins\mcufinder//mcu/
2021-04-27 16:00:33,800 [WARN] DbFile:35 - Overriding database path with different value: C:\Users\Miguel Ravagnani\.stmcufinder\plugins\mcufinder/ => C:\Users\Miguel Ravagnani\.stmcufinder\plugins\mcufinder
2021-04-27 16:00:33,800 [INFO] DbMcusDocs:110 - Set database path to: C:\Users\Miguel Ravagnani\.stmcufinder\plugins\mcufinder//mcu/
2021-04-27 16:00:33,800 [WARN] DbFile:35 - Overriding database path with different value: C:\Users\Miguel Ravagnani\.stmcufinder\plugins\mcufinder/ => C:\Users\Miguel Ravagnani\.stmcufinder\plugins\mcufinder
2021-04-27 16:00:33,800 [INFO] DbMcusJson:65 - Set database path to: C:\Users\Miguel Ravagnani\.stmcufinder\plugins\mcufinder//mcu/
2021-04-27 16:00:33,800 [WARN] DbFile:35 - Overriding database path with different value: C:\Users\Miguel Ravagnani\.stmcufinder\plugins\mcufinder/ => C:\Users\Miguel Ravagnani\.stmcufinder\plugins\mcufinder
2021-04-27 16:00:33,800 [INFO] DbBoardsDocs:110 - Set database path to: C:\Users\Miguel Ravagnani\.stmcufinder\plugins\mcufinder//mcu/
2021-04-27 16:00:33,800 [WARN] DbFile:35 - Overriding database path with different value: C:\Users\Miguel Ravagnani\.stmcufinder\plugins\mcufinder/ => C:\Users\Miguel Ravagnani\.stmcufinder\plugins\mcufinder
2021-04-27 16:00:33,800 [INFO] DbBoardsJson:58 - Set database path to: C:\Users\Miguel Ravagnani\.stmcufinder\plugins\mcufinder//mcu/
2021-04-27 16:00:33,800 [WARN] DbFile:35 - Overriding database path with different value: C:\Users\Miguel Ravagnani\.stmcufinder\plugins\mcufinder/ => C:\Users\Miguel Ravagnani\.stmcufinder\plugins\mcufinder
2021-04-27 16:00:33,800 [WARN] DbFile:35 - Overriding database path with different value: C:\Users\Miguel Ravagnani\.stmcufinder\plugins\mcufinder/ => C:\Users\Miguel Ravagnani\.stmcufinder\plugins\mcufinder
2021-04-27 16:00:33,800 [INFO] CrossReferenceDbSqlite:196 - Set database path to: C:\Users\Miguel Ravagnani\.stmcufinder\plugins\mcufinder//mcu/cs/
2021-04-27 16:00:33,800 [WARN] DbFile:35 - Overriding database path with different value: C:\Users\Miguel Ravagnani\.stmcufinder\plugins\mcufinder/ => C:\Users\Miguel Ravagnani\.stmcufinder\plugins\mcufinder
2021-04-27 16:00:33,800 [INFO] DbExamplesSqlite:690 - Set database path to: C:\Users\Miguel Ravagnani\.stmcufinder\plugins\mcufinder//mcu/
2021-04-27 16:00:33,899 [INFO] ApplicationProperties:181 - Using Application install path: C:\ST\STM32CubeIDE_1.6.0\STM32CubeIDE\plugins\com.st.stm32cube.common.mx_6.2.0.202102191602
2021-04-27 16:00:33,915 [INFO] PluginManage:178 - Search for loadable plugins [exclusion list=, ]
2021-04-27 16:00:33,915 [INFO] PluginManage:292 - Check plugin analytics
2021-04-27 16:00:34,805 [INFO] AnalyticsPlugin:233 - Accepted Software Licenses: 
2021-04-27 16:00:34,805 [INFO] AnalyticsPlugin:235 - Accepted CMSIS Pack Licenses: 
2021-04-27 16:00:34,805 [INFO] AnalyticsPlugin:237 - Accepted Firmware Licenses: 
2021-04-27 16:00:34,809 [INFO] PluginManage:342 - Loaded plugin analytics (category:tool,tabindex:-1)
2021-04-27 16:00:34,809 [INFO] PluginManage:292 - Check plugin clock
2021-04-27 16:00:35,076 [INFO] PluginManage:342 - Loaded plugin clock (category:base,tabindex:2)
2021-04-27 16:00:35,076 [INFO] PluginManage:292 - Check plugin ddr
2021-04-27 16:00:35,102 [INFO] PluginManage:342 - Loaded plugin ddr (category:tool,tabindex:6)
2021-04-27 16:00:35,102 [INFO] PluginManage:292 - Check plugin filemanager
2021-04-27 16:00:35,478 [INFO] PluginManage:342 - Loaded plugin filemanager (category:base,tabindex:10)
2021-04-27 16:00:35,482 [INFO] PluginManage:292 - Check plugin ipmanager
2021-04-27 16:00:35,550 [INFO] PluginManage:342 - Loaded plugin ipmanager (category:base,tabindex:5)
2021-04-27 16:00:35,550 [INFO] PluginManage:292 - Check plugin pinoutandconfiguration
2021-04-27 16:00:35,614 [INFO] PluginManage:342 - Loaded plugin pinoutandconfiguration (category:base,tabindex:1)
2021-04-27 16:00:35,614 [INFO] PluginManage:292 - Check plugin pinoutconfig
2021-04-27 16:00:35,753 [INFO] PluginManage:342 - Loaded plugin pinoutconfig (category:base,tabindex:0)
2021-04-27 16:00:35,753 [INFO] PluginManage:292 - Check plugin power
2021-04-27 16:00:35,879 [INFO] PluginManage:342 - Loaded plugin power (category:power,tabindex:4)
2021-04-27 16:00:35,879 [INFO] PluginManage:292 - Check plugin projectmanager
2021-04-27 16:00:35,926 [INFO] PluginManage:342 - Loaded plugin projectmanager (category:projectmanager,tabindex:3)
2021-04-27 16:00:35,926 [INFO] PluginManage:292 - Check plugin thirdparty
2021-04-27 16:00:37,075 [INFO] PluginManage:342 - Loaded plugin thirdparty (category:base,tabindex:-1)
2021-04-27 16:00:37,075 [INFO] PluginManage:292 - Check plugin tools
2021-04-27 16:00:37,075 [WARN] IntegrityCheckThread:59 - waiting for thirdparty lock release [integrity check]
2021-04-27 16:00:37,079 [INFO] IntegrityCheckThread:61 - entering critical section [integrity check]
2021-04-27 16:00:37,079 [INFO] ThirdPartyUpdaterWithRetryManager:56 - Updater plugin not ready yet. [1/15]
2021-04-27 16:00:37,905 [INFO] PluginManage:342 - Loaded plugin tools (category:base,tabindex:7)
2021-04-27 16:00:37,905 [INFO] PluginManage:292 - Check plugin tutovideos
2021-04-27 16:00:38,477 [INFO] PluginManage:342 - Loaded plugin tutovideos (category:base,tabindex:-1)
2021-04-27 16:00:38,477 [INFO] PluginManage:292 - Check plugin updater
2021-04-27 16:00:38,525 [INFO] PluginManage:342 - Loaded plugin updater (category:base,tabindex:12)
2021-04-27 16:00:38,525 [INFO] PluginManage:265 - PluginManage : Loaded plugins [13]
2021-04-27 16:00:39,404 [INFO] PinOutPanel:1435 - setPackage(No Configuration,No Configuration)
2021-04-27 16:00:39,855 [INFO] IPUIPlugin:64 - create IPUIPlugin
2021-04-27 16:00:39,855 [INFO] PluginManager:203 - loadIPPluginJar : add adc
2021-04-27 16:00:39,971 [INFO] IPUIPlugin:64 - create IPUIPlugin
2021-04-27 16:00:39,971 [INFO] PluginManager:203 - loadIPPluginJar : add aes
2021-04-27 16:00:40,086 [INFO] ThirdPartyUpdaterWithRetryManager:56 - Updater plugin not ready yet. [2/15]
2021-04-27 16:00:40,133 [INFO] IPUIPlugin:64 - create IPUIPlugin
2021-04-27 16:00:40,149 [INFO] PluginManager:203 - loadIPPluginJar : add can
2021-04-27 16:00:40,218 [INFO] IPUIPlugin:64 - create IPUIPlugin
2021-04-27 16:00:40,218 [INFO] PluginManager:203 - loadIPPluginJar : add comp
2021-04-27 16:00:40,287 [INFO] IPUIPlugin:64 - create IPUIPlugin
2021-04-27 16:00:40,287 [INFO] PluginManager:203 - loadIPPluginJar : add cryp
2021-04-27 16:00:40,356 [INFO] IPUIPlugin:64 - create IPUIPlugin
2021-04-27 16:00:40,356 [INFO] PluginManager:203 - loadIPPluginJar : add dfsdm
2021-04-27 16:00:40,403 [INFO] IPUIPlugin:64 - create IPUIPlugin
2021-04-27 16:00:40,403 [INFO] PluginManager:203 - loadIPPluginJar : add dma
2021-04-27 16:00:40,456 [INFO] IPUIPlugin:64 - create IPUIPlugin
2021-04-27 16:00:40,472 [INFO] PluginManager:203 - loadIPPluginJar : add fatfs
2021-04-27 16:00:40,631 [INFO] IPUIPlugin:64 - create IPUIPlugin
2021-04-27 16:00:40,631 [INFO] PluginManager:203 - loadIPPluginJar : add fmc
2021-04-27 16:00:40,678 [INFO] IPUIPlugin:64 - create IPUIPlugin
2021-04-27 16:00:40,678 [INFO] PluginManager:203 - loadIPPluginJar : add freertos
2021-04-27 16:00:40,754 [INFO] IPUIPlugin:64 - create IPUIPlugin
2021-04-27 16:00:40,754 [INFO] PluginManager:203 - loadIPPluginJar : add genericplugin
2021-04-27 16:00:41,025 [INFO] IPUIPlugin:64 - create IPUIPlugin
2021-04-27 16:00:41,025 [INFO] PluginManager:203 - loadIPPluginJar : add gfxmmu
2021-04-27 16:00:41,322 [INFO] IPUIPlugin:64 - create IPUIPlugin
2021-04-27 16:00:41,322 [INFO] PluginManager:203 - loadIPPluginJar : add gic
2021-04-27 16:00:41,363 [INFO] IPUIPlugin:64 - create IPUIPlugin
2021-04-27 16:00:41,363 [INFO] PluginManager:203 - loadIPPluginJar : add gpio
2021-04-27 16:00:41,531 [INFO] IPUIPlugin:64 - create IPUIPlugin
2021-04-27 16:00:41,531 [INFO] PluginManager:203 - loadIPPluginJar : add gtzc
2021-04-27 16:00:41,721 [INFO] IPUIPlugin:64 - create IPUIPlugin
2021-04-27 16:00:41,721 [INFO] PluginManager:203 - loadIPPluginJar : add hash
2021-04-27 16:00:41,836 [INFO] IPUIPlugin:64 - create IPUIPlugin
2021-04-27 16:00:41,836 [INFO] PluginManager:203 - loadIPPluginJar : add i2c
2021-04-27 16:00:41,937 [INFO] IPUIPlugin:64 - create IPUIPlugin
2021-04-27 16:00:41,937 [INFO] PluginManager:203 - loadIPPluginJar : add i2s
2021-04-27 16:00:41,990 [INFO] IPUIPlugin:64 - create IPUIPlugin
2021-04-27 16:00:41,990 [INFO] PluginManager:203 - loadIPPluginJar : add ipddr
2021-04-27 16:00:42,068 [INFO] IPUIPlugin:64 - create IPUIPlugin
2021-04-27 16:00:42,068 [INFO] PluginManager:203 - loadIPPluginJar : add lorawan
2021-04-27 16:00:42,153 [INFO] IPUIPlugin:64 - create IPUIPlugin
2021-04-27 16:00:42,153 [INFO] PluginManager:203 - loadIPPluginJar : add ltdc
2021-04-27 16:00:42,191 [INFO] IPUIPlugin:64 - create IPUIPlugin
2021-04-27 16:00:42,191 [INFO] PluginManager:203 - loadIPPluginJar : add mdma
2021-04-27 16:00:42,238 [INFO] IPUIPlugin:64 - create IPUIPlugin
2021-04-27 16:00:42,238 [INFO] PluginManager:203 - loadIPPluginJar : add nvic
2021-04-27 16:00:42,327 [INFO] IPUIPlugin:64 - create IPUIPlugin
2021-04-27 16:00:42,327 [INFO] PluginManager:203 - loadIPPluginJar : add opamp
2021-04-27 16:00:42,454 [INFO] IPUIPlugin:64 - create IPUIPlugin
2021-04-27 16:00:42,470 [INFO] PluginManager:203 - loadIPPluginJar : add openamp
2021-04-27 16:00:42,601 [INFO] IPUIPlugin:64 - create IPUIPlugin
2021-04-27 16:00:42,601 [INFO] PluginManager:203 - loadIPPluginJar : add pdm2pcm
2021-04-27 16:00:42,648 [INFO] IPUIPlugin:64 - create IPUIPlugin
2021-04-27 16:00:42,648 [INFO] PluginManager:203 - loadIPPluginJar : add plateformsettings
2021-04-27 16:00:42,697 [INFO] IPUIPlugin:64 - create IPUIPlugin
2021-04-27 16:00:42,697 [INFO] PluginManager:203 - loadIPPluginJar : add quadspi
2021-04-27 16:00:42,775 [INFO] IPUIPlugin:64 - create IPUIPlugin
2021-04-27 16:00:42,775 [INFO] PluginManager:203 - loadIPPluginJar : add resmgrutility
2021-04-27 16:00:42,898 [INFO] IPUIPlugin:64 - create IPUIPlugin
2021-04-27 16:00:42,898 [INFO] PluginManager:203 - loadIPPluginJar : add sai
2021-04-27 16:00:43,014 [INFO] IPUIPlugin:64 - create IPUIPlugin
2021-04-27 16:00:43,014 [INFO] PluginManager:203 - loadIPPluginJar : add spi
2021-04-27 16:00:43,092 [INFO] ThirdPartyUpdaterWithRetryManager:56 - Updater plugin not ready yet. [3/15]
2021-04-27 16:00:43,261 [INFO] IPUIPlugin:64 - create IPUIPlugin
2021-04-27 16:00:43,261 [INFO] PluginManager:203 - loadIPPluginJar : add stm32_wpan
2021-04-27 16:00:43,361 [INFO] IPUIPlugin:64 - create IPUIPlugin
2021-04-27 16:00:43,361 [INFO] PluginManager:203 - loadIPPluginJar : add tim
2021-04-27 16:00:43,593 [INFO] IPUIPlugin:64 - create IPUIPlugin
2021-04-27 16:00:43,593 [INFO] PluginManager:203 - loadIPPluginJar : add touchsensing
2021-04-27 16:00:43,660 [INFO] IPUIPlugin:64 - create IPUIPlugin
2021-04-27 16:00:43,676 [INFO] PluginManager:203 - loadIPPluginJar : add tracer_emb
2021-04-27 16:00:43,763 [INFO] IPUIPlugin:64 - create IPUIPlugin
2021-04-27 16:00:43,763 [INFO] PluginManager:203 - loadIPPluginJar : add ts
2021-04-27 16:00:43,848 [INFO] IPUIPlugin:64 - create IPUIPlugin
2021-04-27 16:00:43,848 [INFO] PluginManager:203 - loadIPPluginJar : add tsc
2021-04-27 16:00:43,933 [INFO] IPUIPlugin:64 - create IPUIPlugin
2021-04-27 16:00:43,933 [INFO] PluginManager:203 - loadIPPluginJar : add ucpd
2021-04-27 16:00:44,080 [INFO] IPUIPlugin:64 - create IPUIPlugin
2021-04-27 16:00:44,080 [INFO] PluginManager:203 - loadIPPluginJar : add usart
2021-04-27 16:00:45,246 [FATAL] Updater:284 - Updater called before beeing initialized
2021-04-27 16:00:45,613 [FATAL] Updater:284 - Updater called before beeing initialized
2021-04-27 16:00:45,668 [INFO] DbMcusAds:132 - JSON generation date=Thu Feb 11 11:55:24 BRT 2021 (1613055324029)
2021-04-27 16:00:45,668 [FATAL] Updater:284 - Updater called before beeing initialized
2021-04-27 16:00:46,105 [INFO] ThirdPartyUpdaterWithRetryManager:56 - Updater plugin not ready yet. [4/15]
2021-04-27 16:00:46,422 [WARN] DetailPanel:315 - Failed to get advertising image, set to default
2021-04-27 16:00:47,052 [FATAL] Updater:284 - Updater called before beeing initialized
2021-04-27 16:00:47,068 [FATAL] Updater:284 - Updater called before beeing initialized
2021-04-27 16:00:47,068 [FATAL] Updater:284 - Updater called before beeing initialized
2021-04-27 16:00:47,068 [WARN] DetailPanel:315 - Failed to get advertising image, set to default
2021-04-27 16:00:47,068 [FATAL] Updater:284 - Updater called before beeing initialized
2021-04-27 16:00:47,199 [FATAL] Updater:284 - Updater called before beeing initialized
2021-04-27 16:00:47,199 [WARN] ThirdParty:796 - waiting for thirdparty lock release [close project]
2021-04-27 16:00:49,109 [FATAL] Updater:284 - Updater called before beeing initialized
2021-04-27 16:00:49,109 [ERROR] AbstractThirdPartyUpdaterManager:153 - class java.lang.Integer cannot be cast to class java.util.List (java.lang.Integer and java.util.List are in module java.base of loader 'bootstrap')
2021-04-27 16:00:49,109 [INFO] ThirdParty:900 - Integrity check success = false
2021-04-27 16:00:49,109 [INFO] IntegrityCheckThread:75 - exiting critical section [integrity check]
2021-04-27 16:00:49,109 [INFO] IntegrityCheckThread:78 - End integrity checks thread
2021-04-27 16:00:49,109 [INFO] ThirdParty:798 - entering critical section [close project]
2021-04-27 16:00:49,109 [INFO] ThirdParty:809 - exiting critical section [close project]
2021-04-27 16:00:49,109 [INFO] PinOutPanel:1435 - setPackage(No Configuration,No Configuration)
2021-04-27 16:00:49,109 [FATAL] Updater:284 - Updater called before beeing initialized
2021-04-27 16:00:49,194 [INFO] Updater:1002 - Updater Version found : 6.2.0
2021-04-27 16:00:49,257 [INFO] ApplicationProperties:181 - Using Application install path: C:\ST\STM32CubeIDE_1.6.0\STM32CubeIDE\plugins\com.st.stm32cube.common.mx_6.2.0.202102191602
2021-04-27 16:00:49,395 [INFO] MainUpdater:479 - Copy updater definitions from MX database
2021-04-27 16:00:49,581 [INFO] MainUpdater:512 - Copy flag file definitions from MX database
2021-04-27 16:00:49,614 [INFO] MainUpdater:528 - Copy thirdparty index definitions from MX database
2021-04-27 16:00:49,630 [INFO] MainUpdater:547 - Copy default thirdparty db definitions from MX database
2021-04-27 16:00:50,100 [INFO] MainUpdater:2661 - connection check result : 10
2021-04-27 16:00:50,100 [INFO] MainUpdater:3349 - Updater definition file requires update
2021-04-27 16:00:50,100 [INFO] MainUpdater:255 - Updater Check For Update Now.
2021-04-27 16:00:50,100 [INFO] MicroXplorer:472 - Change Database Version : DB.6.0.20
2021-04-27 16:00:50,687 [INFO] ServerAccessManage:348 - Download File updaters.zip
2021-04-27 16:00:50,959 [INFO] FileExtend:225 - Unzip File : updaters.zip
2021-04-27 16:00:50,959 [INFO] FileExtend:240 - Standard Zip Deflate
2021-04-27 16:00:59,691 [INFO] ServerAccessManage:348 - Download File PacksControlFlags.xml
2021-04-27 16:01:00,147 [INFO] ServerAccessManage:348 - Download File cubemx.pidx
2021-04-27 16:01:00,796 [INFO] ServerAccessManage:348 - Download File STMicroelectronics.X-CUBE-AI.pdsc
2021-04-27 16:01:00,843 [INFO] MainUpdater:2661 - connection check result : 10
2021-04-27 16:01:02,566 [INFO] ServerAccessManage:348 - Download File STMicroelectronics.X-CUBE-BLE1.pdsc
2021-04-27 16:01:04,120 [ERROR] ServerAccessManage:947 - Problem, file not found on Server
2021-04-27 16:01:04,382 [INFO] ServerAccessManage:348 - Download File STMicroelectronics.X-CUBE-BLE2.pdsc
2021-04-27 16:01:05,765 [INFO] ServerAccessManage:348 - Download File STMicroelectronics.X-CUBE-DISPLAY.pdsc
2021-04-27 16:01:06,277 [INFO] ServerAccessManage:348 - Download File STMicroelectronics.X-CUBE-EEPRMA1.pdsc
2021-04-27 16:01:06,862 [INFO] ServerAccessManage:348 - Download File STMicroelectronics.X-CUBE-GNSS1.pdsc
2021-04-27 16:01:08,444 [ERROR] ServerAccessManage:947 - Problem, file not found on Server
2021-04-27 16:01:08,712 [ERROR] ServerAccessManage:947 - Problem, file not found on Server
2021-04-27 16:01:08,955 [ERROR] ServerAccessManage:947 - Problem, file not found on Server
2021-04-27 16:01:09,224 [ERROR] ServerAccessManage:947 - Problem, file not found on Server
2021-04-27 16:01:09,476 [ERROR] ServerAccessManage:947 - Problem, file not found on Server
2021-04-27 16:01:09,732 [ERROR] ServerAccessManage:947 - Problem, file not found on Server
2021-04-27 16:01:09,935 [INFO] ServerAccessManage:348 - Download File STMicroelectronics.X-CUBE-MEMS1.pdsc
2021-04-27 16:01:12,947 [INFO] CrossSelectorPresenter:1330 - Cross Selector saved comparison directory: C:\Users\Miguel Ravagnani\.stmcufinder\plugins\mcufinder\mcu\cs_comparisons_mx
2021-04-27 16:01:13,071 [INFO] MultiScanPanel:200 - Auto-refresh data requested => check proxy status ongoing
2021-04-27 16:01:13,081 [INFO] FinderPluginLoader:87 - Searching for filters in installed packs
2021-04-27 16:01:13,095 [INFO] DbMcusXml:100 - Load MCU database from C:\ST\STM32CubeIDE_1.6.0\STM32CubeIDE\plugins\com.st.stm32cube.common.mx_6.2.0.202102191602\\db\/mcu/families.xml
2021-04-27 16:01:14,282 [INFO] ServerAccessManage:348 - Download File STMicroelectronics.X-CUBE-NFC4.pdsc
2021-04-27 16:01:15,697 [INFO] DbMcusJson:94 - JSON generation date=Mon Feb 08 10:35:07 BRT 2021 (1612791307)
2021-04-27 16:01:17,222 [INFO] DbMcus:175 - Found 1906 MCUs (1866 are supported by CubeMX, 1866 are visible in CubeMX)
2021-04-27 16:01:17,226 [INFO] ApiDb:242 - User favorites file not found: C:\Users\Miguel Ravagnani/.stm32cubeide/favorites.mcus.txt
2021-04-27 16:01:17,226 [INFO] DbMcus:187 - Set 0 / 0 favorites MCUs
2021-04-27 16:01:17,286 [INFO] ServerAccessManage:348 - Download File STMicroelectronics.X-CUBE-SFXS2LP1.pdsc
2021-04-27 16:01:18,089 [INFO] ServerAccessManage:348 - Download File STMicroelectronics.X-CUBE-SUBG2.pdsc
2021-04-27 16:01:19,055 [WARN] DetailPanel:315 - Failed to get advertising image, set to default
2021-04-27 16:01:20,348 [INFO] DbBoardsPdsc:90 - Found 24 items
2021-04-27 16:01:20,379 [INFO] DbBoardsPdsc:90 - Found 9 items
2021-04-27 16:01:20,411 [INFO] DbBoardsPdsc:90 - Found 33 items
2021-04-27 16:01:20,448 [INFO] DbBoardsPdsc:90 - Found 1 items
2021-04-27 16:01:20,528 [INFO] DbBoardsPdsc:90 - Found 46 items
2021-04-27 16:01:20,600 [INFO] DbBoardsPdsc:90 - Found 41 items
2021-04-27 16:01:20,640 [INFO] DbBoardsPdsc:90 - Found 2 items
2021-04-27 16:01:20,648 [INFO] ServerAccessManage:348 - Download File STMicroelectronics.X-CUBE-TOF1.pdsc
2021-04-27 16:01:20,696 [INFO] DbBoardsPdsc:90 - Found 5 items
2021-04-27 16:01:21,036 [WARN] DbBoardsPdsc:254 - Board NUCLEO-WB15CC: unknown feature type=, name=, username=Three user LEDs, n=1
2021-04-27 16:01:21,036 [WARN] DbBoardsPdsc:254 - Board NUCLEO-WB15CC: unknown feature type=, name=, username=One reset and three user push-buttons, n=1
2021-04-27 16:01:21,036 [WARN] DbBoardsPdsc:254 - Board NUCLEO-WB15CC: unknown feature type=, name=, username=Arduino Uno V3 expansion connector, n=1
2021-04-27 16:01:21,036 [WARN] DbBoardsPdsc:254 - Board NUCLEO-WB15CC: unknown feature type=, name=, username=ST morpho extension pin headers for full access to all STM32WB I/Os, n=1
2021-04-27 16:01:21,036 [WARN] DbBoardsPdsc:254 - Board NUCLEO-WB15CC: unknown feature type=, name=, username=Integrated PCB antenna and SMA connector footprint, n=1
2021-04-27 16:01:21,036 [WARN] DbBoardsPdsc:254 - Board NUCLEO-WB15CC: unknown feature type=, name=, username=Flexible power-supply options: ST-LINK, USB VBUS, or external sources, n=1
2021-04-27 16:01:21,036 [WARN] DbBoardsPdsc:254 - Board NUCLEO-WB15CC: unknown feature type=, name=, username=On-board footprint to mount a CR2032 battery socket, n=1
2021-04-27 16:01:21,036 [WARN] DbBoardsPdsc:254 - Board NUCLEO-WB15CC: unknown feature type=, name=, username=On-board ST-LINK/V2-1 debugger/programmer with USB re-enumeration capability: mass storage, Virtual COM port, and debug port, n=1
2021-04-27 16:01:21,036 [WARN] DbBoardsPdsc:254 - Board NUCLEO-WB15CC: unknown feature type=, name=, username=Comprehensive free software libraries and examples available with the STM32CubeWB MCU Package, n=1
2021-04-27 16:01:21,036 [WARN] DbBoardsPdsc:254 - Board NUCLEO-WB15CC: unknown feature type=, name=, username=Support of a wide choice of Integrated Development Environments (IDEs) including IAR Embedded Workbench, MDK-ARM, STM32CubeIDE, and Mbed Studio, n=1
2021-04-27 16:01:21,036 [WARN] DbBoardsPdsc:254 - Board STM32H7B3I-DK: unknown feature type=Audio, name=, username=Audio stereo codec with Headphone Amp (CS42L51-CNZ), n=1
2021-04-27 16:01:21,036 [WARN] DbBoardsPdsc:254 - Board STM32H735G-DK: unknown feature type=Audio, name=, username=Audio stereo codec with Headphone Amp (WM8994ECS/R), n=1
2021-04-27 16:01:21,036 [WARN] DbBoardsPdsc:254 - Board STM32WB5MM-DK: unknown feature type=, name=, username=Time-of-Flight and gesture-detection sensor, n=1
2021-04-27 16:01:21,051 [WARN] DbBoardsPdsc:254 - Board STM32WB5MM-DK: unknown feature type=, name=, username=3 push-buttons (2 users and 1 reset) and 1 touch key button, n=1
2021-04-27 16:01:21,051 [WARN] DbBoardsPdsc:254 - Board STM32WB5MM-DK: unknown feature type=, name=, username=Flexible power-supply options: ST-LINK/V2-1 USB connector, 5 V delivered by ARDUINO® or external connector, USB charger, or USB power, n=1
2021-04-27 16:01:21,051 [WARN] DbBoardsPdsc:254 - Board STM32WB5MM-DK: unknown feature type=, name=, username=On-board ST-LINK/V2-1 debugger/programmer with USB re-enumeration capability: Virtual COM port and debug port, n=1
2021-04-27 16:01:21,051 [WARN] DbBoardsPdsc:254 - Board STM32WB5MM-DK: unknown feature type=, name=, username=Comprehensive free software libraries and examples available with the STM32CubeWB MCU Package, n=1
2021-04-27 16:01:21,051 [WARN] DbBoardsPdsc:254 - Board STM32WB5MM-DK: unknown feature type=, name=, username=Support of a wide choice of Integrated Development Environments (IDEs) including IAR Embedded Workbench®, MDK-ARM, and STM32CubeIDE, n=1
2021-04-27 16:01:21,051 [WARN] DbBoardsPdsc:254 - Board STM32H7B3I-EVAL: unknown feature type=Audio, name=, username=Multi-Channel Audio Codec (CS42L51-CNZ), n=1
2021-04-27 16:01:21,058 [WARN] DbBoardsPdsc:254 - Board STM32H7B3I-EVAL: unknown feature type=Meter, name=, username=Power-metering and Temperature-monitoring with sigma-delta modulators, n=1
2021-04-27 16:01:21,058 [WARN] DbBoardsPdsc:254 - Board STM32H7B3I-EVAL: unknown feature type=Motor, name=, username=Motor Control, n=1
2021-04-27 16:01:21,120 [INFO] DbBoardsJson:87 - JSON generation date=Thu Feb 04 13:53:45 BRT 2021 (1612457625)
2021-04-27 16:01:21,136 [INFO] DbBoards:117 - Found 161 boards (158 are supported by CubeMX)
2021-04-27 16:01:21,158 [INFO] DbBoardsDocs:143 - JSON generation date=Mon Feb 08 10:35:07 BRT 2021 (1612791307)
2021-04-27 16:01:21,189 [INFO] DbBoardsDocs:79 - Found 193 boards documents
2021-04-27 16:01:21,205 [WARN] DbBoards:127 - board B-L462E-CELL1 has no document id list !
2021-04-27 16:01:21,205 [WARN] DbBoards:127 - board B-L475E-IOT01A2 has no document id list !
2021-04-27 16:01:21,205 [WARN] DbBoards:127 - board NUCLEO-G0B1RE has no document id list !
2021-04-27 16:01:21,205 [WARN] DbBoards:127 - board NUCLEO-H743ZI2 has no document id list !
2021-04-27 16:01:21,205 [WARN] DbBoards:127 - board NUCLEO-L4A6ZG has no document id list !
2021-04-27 16:01:21,205 [WARN] DbBoards:127 - board NUCLEO-WB15CC has no document id list !
2021-04-27 16:01:21,205 [WARN] DbBoards:127 - board NUCLEO-WB55RG has no document id list !
2021-04-27 16:01:21,205 [WARN] DbBoards:127 - board NUCLEO-WL55JC2 has no document id list !
2021-04-27 16:01:21,205 [WARN] DbBoards:127 - board P-NUCLEO-WB55-Nucleo has no document id list !
2021-04-27 16:01:21,205 [WARN] DbBoards:127 - board P-NUCLEO-WB55-USBDongle has no document id list !
2021-04-27 16:01:21,205 [WARN] DbBoards:127 - board STEVAL-BFA001V1B has no document id list !
2021-04-27 16:01:21,205 [WARN] DbBoards:127 - board STEVAL-BFA001V2B has no document id list !
2021-04-27 16:01:21,205 [WARN] DbBoards:127 - board STEVAL-IDP005V1 has no document id list !
2021-04-27 16:01:21,205 [WARN] DbBoards:127 - board STEVAL-IDP005V2 has no document id list !
2021-04-27 16:01:21,205 [WARN] DbBoards:127 - board STEVAL-MKSBOX1V1 has no document id list !
2021-04-27 16:01:21,205 [WARN] DbBoards:127 - board STEVAL-STWINKT1 has no document id list !
2021-04-27 16:01:21,205 [WARN] DbBoards:127 - board STEVAL-STWINKT1B has no document id list !
2021-04-27 16:01:21,205 [WARN] DbBoards:127 - board STM32F401C-DISCO has no document id list !
2021-04-27 16:01:21,205 [WARN] DbBoards:127 - board STM32F769I-DISC1 has no document id list !
2021-04-27 16:01:21,205 [WARN] DbBoards:127 - board STM32G0C1E-EV has no document id list !
2021-04-27 16:01:21,205 [WARN] DbBoards:127 - board STM32G474E-EVAL1 has no document id list !
2021-04-27 16:01:21,205 [WARN] DbBoards:127 - board STM32H743I-EVAL2 has no document id list !
2021-04-27 16:01:21,205 [WARN] DbBoards:127 - board STM32H747I-DISC1 has no document id list !
2021-04-27 16:01:21,205 [WARN] DbBoards:127 - board STM32H753I-EVAL2 has no document id list !
2021-04-27 16:01:21,205 [WARN] DbBoards:127 - board STM32L-DISCOVERY has no document id list !
2021-04-27 16:01:21,205 [WARN] DbBoards:127 - board STM32MP157A-DK1 has no document id list !
2021-04-27 16:01:21,205 [WARN] DbBoards:127 - board STM32MP157F-DK2 has no document id list !
2021-04-27 16:01:21,205 [WARN] DbBoards:127 - board STM32MP157F-EV1 has no document id list !
2021-04-27 16:01:21,205 [WARN] DbBoards:127 - board STM32WB5MM-DK has no document id list !
2021-04-27 16:01:21,534 [INFO] ServerAccessManage:348 - Download File STMicroelectronics.X-CUBE-TOUCHGFX.pdsc
2021-04-27 16:01:23,200 [INFO] ServerAccessManage:348 - Download File STMicroelectronics.X-CUBE-ALGOBUILD.pdsc
2021-04-27 16:01:24,263 [INFO] ServerAccessManage:348 - Download File STMicroelectronics.X-CUBE-AZRTOS-H7.pdsc
2021-04-27 16:01:27,039 [INFO] ApiDb:242 - User favorites file not found: C:\Users\Miguel Ravagnani/.stm32cubeide/favorites.boards.txt
2021-04-27 16:01:27,055 [INFO] DbBoards:206 - Set 0 / 0 favorites Boards
2021-04-27 16:01:27,240 [INFO] ServerAccessManage:348 - Download File wolfSSL.I-CUBE-wolfSSL.pdsc
2021-04-27 16:01:30,861 [ERROR] ServerAccessManage:947 - Problem, file not found on Server
2021-04-27 16:01:32,252 [ERROR] ServerAccessManage:947 - Problem, file not found on Server
2021-04-27 16:01:33,474 [ERROR] ServerAccessManage:947 - Problem, file not found on Server
2021-04-27 16:01:35,478 [INFO] ServerAccessManage:348 - Download File RoweBots.I-CUBE-UNISONRTOS.pdsc
2021-04-27 16:01:37,492 [ERROR] ServerAccessManage:947 - Problem, file not found on Server
2021-04-27 16:01:38,575 [ERROR] ServerAccessManage:947 - Problem, file not found on Server
2021-04-27 16:01:39,556 [ERROR] ServerAccessManage:947 - Problem, file not found on Server
2021-04-27 16:01:40,653 [ERROR] ServerAccessManage:947 - Problem, file not found on Server
2021-04-27 16:01:41,099 [WARN] PackLoader:226 - Cannot read IP mode file for STMicroelectronics.X-CUBE-AI.6.0.0
2021-04-27 16:01:41,335 [WARN] PackLoader:226 - Cannot read IP mode file for STMicroelectronics.X-CUBE-BLE1.6.1.0
2021-04-27 16:01:41,467 [WARN] PackLoader:226 - Cannot read IP mode file for STMicroelectronics.X-CUBE-BLE2.3.2.0
2021-04-27 16:01:41,483 [WARN] PackLoader:226 - Cannot read IP mode file for STMicroelectronics.X-CUBE-DISPLAY.1.0.0
2021-04-27 16:01:41,998 [WARN] PackLoader:226 - Cannot read IP mode file for STMicroelectronics.X-CUBE-EEPRMA1.3.0.0
2021-04-27 16:01:42,232 [WARN] PackLoader:226 - Cannot read IP mode file for STMicroelectronics.X-CUBE-GNSS1.5.2.0
2021-04-27 16:01:42,781 [WARN] PackLoader:226 - Cannot read IP mode file for STMicroelectronics.X-CUBE-MEMS1.8.3.0
2021-04-27 16:01:43,101 [WARN] PackLoader:226 - Cannot read IP mode file for STMicroelectronics.X-CUBE-NFC4.2.0.2
2021-04-27 16:01:43,179 [WARN] PackLoader:226 - Cannot read IP mode file for STMicroelectronics.X-CUBE-SFXS2LP1.3.0.0
2021-04-27 16:01:43,333 [WARN] PackLoader:226 - Cannot read IP mode file for STMicroelectronics.X-CUBE-SUBG2.4.0.0
2021-04-27 16:01:43,417 [WARN] PackLoader:226 - Cannot read IP mode file for STMicroelectronics.X-CUBE-TOF1.1.0.0
2021-04-27 16:01:43,449 [WARN] PackLoader:226 - Cannot read IP mode file for STMicroelectronics.X-CUBE-TOUCHGFX.4.16.1
2021-04-27 16:01:43,700 [WARN] PackLoader:226 - Cannot read IP mode file for STMicroelectronics.X-CUBE-ALGOBUILD.1.2.0
2021-04-27 16:01:43,840 [WARN] PackLoader:226 - Cannot read IP mode file for STMicroelectronics.X-CUBE-AZRTOS-H7.1.0.0
2021-04-27 16:01:44,000 [WARN] PackLoader:226 - Cannot read IP mode file for wolfSSL.I-CUBE-wolfSSL.4.7.0
2021-04-27 16:01:44,048 [WARN] PackLoader:226 - Cannot read IP mode file for RoweBots.I-CUBE-UNISONRTOS.5.5.0-4
2021-04-27 16:01:44,052 [INFO] PopulateThirdPartyThread:50 - Ending populate Thread
2021-04-27 16:01:44,056 [INFO] ThirdParty:952 - CMSIS Pack Vendor :RoweBots I-CUBE-UNISONRTOS 5.5.0-4
2021-04-27 16:01:44,056 [INFO] ThirdParty:952 - CMSIS Pack Vendor :STMicroelectronics X-CUBE-SFXS2LP1 3.0.0
2021-04-27 16:01:44,056 [INFO] ThirdParty:952 - CMSIS Pack Vendor :STMicroelectronics X-CUBE-EEPRMA1 3.0.0
2021-04-27 16:01:44,056 [INFO] ThirdParty:952 - CMSIS Pack Vendor :STMicroelectronics X-CUBE-MEMS1 8.3.0
2021-04-27 16:01:44,056 [INFO] ThirdParty:952 - CMSIS Pack Vendor :STMicroelectronics X-CUBE-DISPLAY 1.0.0
2021-04-27 16:01:44,056 [INFO] ThirdParty:952 - CMSIS Pack Vendor :STMicroelectronics X-CUBE-AI 6.0.0
2021-04-27 16:01:44,056 [INFO] ThirdParty:952 - CMSIS Pack Vendor :STMicroelectronics X-CUBE-ALGOBUILD 1.2.0
2021-04-27 16:01:44,056 [INFO] ThirdParty:952 - CMSIS Pack Vendor :STMicroelectronics X-CUBE-GNSS1 5.2.0
2021-04-27 16:01:44,056 [INFO] ThirdParty:952 - CMSIS Pack Vendor :STMicroelectronics X-CUBE-BLE1 6.1.0
2021-04-27 16:01:44,060 [INFO] ThirdParty:952 - CMSIS Pack Vendor :STMicroelectronics X-CUBE-SUBG2 4.0.0
2021-04-27 16:01:44,060 [INFO] ThirdParty:952 - CMSIS Pack Vendor :STMicroelectronics X-CUBE-NFC4 2.0.2
2021-04-27 16:01:44,060 [INFO] ThirdParty:952 - CMSIS Pack Vendor :STMicroelectronics X-CUBE-TOF1 1.0.0
2021-04-27 16:01:44,060 [INFO] ThirdParty:952 - CMSIS Pack Vendor :STMicroelectronics X-CUBE-TOUCHGFX 4.16.1
2021-04-27 16:01:44,060 [INFO] ThirdParty:952 - CMSIS Pack Vendor :STMicroelectronics X-CUBE-AZRTOS-H7 1.0.0
2021-04-27 16:01:44,060 [INFO] ThirdParty:952 - CMSIS Pack Vendor :wolfSSL I-CUBE-wolfSSL 4.7.0
2021-04-27 16:01:44,060 [INFO] ThirdParty:952 - CMSIS Pack Vendor :STMicroelectronics X-CUBE-BLE2 3.2.0
2021-04-27 16:01:44,060 [INFO] LoadServerUpdatesThread:329 - End of LoadServerUpdate Thread
2021-04-27 16:01:45,308 [INFO] CheckServerUpdateThread:102 - End of CheckServer Thread
2021-04-27 16:02:08,950 [INFO] DbMcusDocs:143 - JSON generation date=Mon Feb 08 10:35:07 BRT 2021 (1612791307)
2021-04-27 16:02:09,587 [INFO] DbMcusDocs:79 - Found 617 MCUs documents
2021-04-27 16:14:17,965 [INFO] MainUpdater:2661 - connection check result : 10
2021-04-27 16:14:17,965 [INFO] MainUpdater:2661 - connection check result : 10
2021-04-27 16:14:18,364 [INFO] MicroXplorer:442 - Change Database Path : 
2021-04-27 16:14:18,364 [INFO] MicroXplorer:472 - Change Database Version : DB.6.0.20
2021-04-27 16:14:18,364 [WARN] ThirdParty:796 - waiting for thirdparty lock release [close project]
2021-04-27 16:14:18,364 [INFO] ThirdParty:798 - entering critical section [close project]
2021-04-27 16:14:18,364 [INFO] ThirdParty:809 - exiting critical section [close project]
2021-04-27 16:14:18,364 [INFO] PinOutPanel:1435 - setPackage(No Configuration,No Configuration)
2021-04-27 16:14:18,374 [INFO] UtilMem:74 - Begin LoadConfig() Used Memory: 486677192 Bytes (943718400)
2021-04-27 16:14:18,406 [INFO] MicroXplorer:442 - Change Database Path : 
2021-04-27 16:14:18,414 [INFO] MicroXplorer:472 - Change Database Version : DB.6.0.20
2021-04-27 16:14:18,414 [INFO] OpenFileManager:303 - Change cursor
2021-04-27 16:14:18,562 [WARN] IntegrityCheckThread:59 - waiting for thirdparty lock release [integrity check]
2021-04-27 16:14:18,570 [INFO] IntegrityCheckThread:61 - entering critical section [integrity check]
2021-04-27 16:14:18,764 [WARN] PackLoader:226 - Cannot read IP mode file for RoweBots.I-CUBE-UNISONRTOS.5.5.0-4
2021-04-27 16:14:18,802 [WARN] PackLoader:226 - Cannot read IP mode file for STMicroelectronics.X-CUBE-SFXS2LP1.3.0.0
2021-04-27 16:14:18,844 [WARN] PackLoader:226 - Cannot read IP mode file for STMicroelectronics.X-CUBE-EEPRMA1.3.0.0
2021-04-27 16:14:18,862 [WARN] PackLoader:226 - Cannot read IP mode file for STMicroelectronics.X-CUBE-NFC4.2.0.2
2021-04-27 16:14:18,902 [WARN] PackLoader:226 - Cannot read IP mode file for STMicroelectronics.X-CUBE-BLE2.3.2.0
2021-04-27 16:14:18,960 [WARN] PackLoader:226 - Cannot read IP mode file for STMicroelectronics.X-CUBE-SUBG2.4.0.0
2021-04-27 16:14:18,990 [WARN] PackLoader:226 - Cannot read IP mode file for STMicroelectronics.X-CUBE-TOF1.1.0.0
2021-04-27 16:14:19,082 [WARN] PackLoader:226 - Cannot read IP mode file for STMicroelectronics.X-CUBE-AZRTOS-H7.1.0.0
2021-04-27 16:14:19,239 [WARN] PackLoader:226 - Cannot read IP mode file for STMicroelectronics.X-CUBE-MEMS1.8.3.0
2021-04-27 16:14:19,566 [WARN] PackLoader:226 - Cannot read IP mode file for STMicroelectronics.X-CUBE-DISPLAY.1.0.0
2021-04-27 16:14:19,582 [WARN] PackLoader:226 - Cannot read IP mode file for STMicroelectronics.X-CUBE-AI.6.0.0
2021-04-27 16:14:19,630 [WARN] PackLoader:226 - Cannot read IP mode file for STMicroelectronics.X-CUBE-ALGOBUILD.1.2.0
2021-04-27 16:14:19,662 [WARN] PackLoader:226 - Cannot read IP mode file for STMicroelectronics.X-CUBE-GNSS1.5.2.0
2021-04-27 16:14:19,686 [WARN] PackLoader:226 - Cannot read IP mode file for STMicroelectronics.X-CUBE-BLE1.6.1.0
2021-04-27 16:14:19,706 [WARN] PackLoader:226 - Cannot read IP mode file for wolfSSL.I-CUBE-wolfSSL.4.7.0
2021-04-27 16:14:19,730 [WARN] PackLoader:226 - Cannot read IP mode file for STMicroelectronics.X-CUBE-TOUCHGFX.4.16.1
2021-04-27 16:14:19,730 [INFO] ThirdParty:900 - Integrity check success = true
2021-04-27 16:14:19,730 [INFO] IntegrityCheckThread:75 - exiting critical section [integrity check]
2021-04-27 16:14:19,730 [INFO] IntegrityCheckThread:78 - End integrity checks thread
2021-04-27 16:14:24,759 [INFO] Context:587 - Trying to add GPIOservice into a context  which must be forbidden
2021-04-27 16:14:25,740 [INFO] ImportTextPane:162 - (OptionalMessage_ERROR) Unable to find key (Mcu.ThirdPartyNb) in loaded IOC file
2021-04-27 16:14:25,740 [INFO] ImportTextPane:162 - (OptionalMessage_ERROR) Unable to find key (Mcu.PinsNb) in loaded IOC file
2021-04-27 16:14:25,740 [INFO] ImportTextPane:162 - (OptionalMessage_ERROR) Unable to find key (Mcu.IPNb) in loaded IOC file
2021-04-27 16:14:25,913 [WARN] ApiManager:294 - Cannot register API 'Board Extension:S2868A1' from pack STMicroelectronics.X-CUBE-SFXS2LP1.3.0.0: no header file found
2021-04-27 16:14:25,913 [WARN] ApiManager:294 - Cannot register API 'Board Extension:S2868A2' from pack STMicroelectronics.X-CUBE-SFXS2LP1.3.0.0: no header file found
2021-04-27 16:14:25,913 [WARN] ApiManager:294 - Cannot register API 'Board Extension:S2915A1' from pack STMicroelectronics.X-CUBE-SFXS2LP1.3.0.0: no header file found
2021-04-27 16:14:25,921 [WARN] ModelIntegratedComponent:51 - No mode defined for component null
2021-04-27 16:14:25,921 [WARN] ModelIntegratedComponent:51 - No mode defined for component null
2021-04-27 16:14:25,921 [WARN] ModelIntegratedComponent:51 - No mode defined for component null
2021-04-27 16:14:25,921 [WARN] ModelIntegratedComponent:51 - No mode defined for component null
2021-04-27 16:14:25,921 [WARN] ModelIntegratedComponent:51 - No mode defined for component null
2021-04-27 16:14:25,921 [WARN] ModelIntegratedComponent:51 - No mode defined for component null
2021-04-27 16:14:25,921 [WARN] ModelIntegratedComponent:51 - No mode defined for component null
2021-04-27 16:14:25,921 [WARN] ModelIntegratedComponent:51 - No mode defined for component null
2021-04-27 16:14:25,921 [WARN] ModelIntegratedComponent:51 - No mode defined for component null
2021-04-27 16:14:25,921 [WARN] ModelIntegratedComponent:51 - No mode defined for component null
2021-04-27 16:14:25,921 [WARN] ModelIntegratedComponent:51 - No mode defined for component null
2021-04-27 16:14:25,921 [WARN] ModelIntegratedComponent:51 - No mode defined for component null
2021-04-27 16:14:25,929 [WARN] ModelIntegratedComponent:51 - No mode defined for component null
2021-04-27 16:14:25,929 [WARN] ModelIntegratedComponent:51 - No mode defined for component null
2021-04-27 16:14:25,929 [WARN] ModelIntegratedComponent:51 - No mode defined for component null
2021-04-27 16:14:25,929 [WARN] ModelIntegratedComponent:51 - No mode defined for component null
2021-04-27 16:14:25,929 [WARN] ModelIntegratedComponent:51 - No mode defined for component null
2021-04-27 16:14:25,929 [WARN] ModelIntegratedComponent:51 - No mode defined for component null
2021-04-27 16:14:25,929 [WARN] ModelIntegratedComponent:51 - No mode defined for component null
2021-04-27 16:14:25,929 [WARN] ModelIntegratedComponent:51 - No mode defined for component null
2021-04-27 16:14:25,929 [WARN] ModelIntegratedComponent:51 - No mode defined for component null
2021-04-27 16:14:25,929 [WARN] ModelIntegratedComponent:51 - No mode defined for component null
2021-04-27 16:14:25,929 [WARN] ModelIntegratedComponent:51 - No mode defined for component null
2021-04-27 16:14:25,929 [WARN] ModelIntegratedComponent:51 - No mode defined for component null
2021-04-27 16:14:25,929 [WARN] ModelIntegratedComponent:51 - No mode defined for component null
2021-04-27 16:14:25,929 [WARN] ModelIntegratedComponent:51 - No mode defined for component null
2021-04-27 16:14:25,929 [WARN] ModelIntegratedComponent:51 - No mode defined for component null
2021-04-27 16:14:25,945 [WARN] ApiManager:294 - Cannot register API 'Board Extension:S2868A1' from pack STMicroelectronics.X-CUBE-SUBG2.4.0.0: no header file found
2021-04-27 16:14:25,945 [WARN] ApiManager:294 - Cannot register API 'Board Extension:S2868A2' from pack STMicroelectronics.X-CUBE-SUBG2.4.0.0: no header file found
2021-04-27 16:14:25,945 [WARN] ApiManager:294 - Cannot register API 'Board Extension:S2915A1' from pack STMicroelectronics.X-CUBE-SUBG2.4.0.0: no header file found
2021-04-27 16:14:25,961 [WARN] ApiManager:294 - Cannot register API 'Board Extension:EEPRMA1' from pack STMicroelectronics.X-CUBE-EEPRMA1.3.0.0: no header file found
2021-04-27 16:14:25,961 [WARN] ApiManager:294 - Cannot register API 'Board Extension:EEPRMA2' from pack STMicroelectronics.X-CUBE-EEPRMA1.3.0.0: no header file found
2021-04-27 16:14:26,241 [WARN] ApiManager:294 - Cannot register API 'Board Extension:IKS01A3' from pack STMicroelectronics.X-CUBE-MEMS1.8.3.0: no header file found
2021-04-27 16:14:26,241 [WARN] ApiManager:294 - Cannot register API 'Board Extension:IKS01A2' from pack STMicroelectronics.X-CUBE-MEMS1.8.3.0: no header file found
2021-04-27 16:14:26,241 [WARN] ApiManager:294 - Cannot register API 'Board Extension:IKS02A1' from pack STMicroelectronics.X-CUBE-MEMS1.8.3.0: no header file found
2021-04-27 16:14:26,265 [INFO] RtosManager:470 - Registered RTOS mode: class=CMSIS, group=RTOS, mode=CMSIS_V1, owner=FREERTOS
2021-04-27 16:14:26,265 [INFO] RtosManager:470 - Registered RTOS mode: class=CMSIS, group=RTOS2, mode=CMSIS_V2, owner=FREERTOS
2021-04-27 16:14:26,265 [INFO] RtosManager:470 - Registered RTOS mode: class=RTOS, group=Core, mode=CMSIS_V1, owner=FREERTOS
2021-04-27 16:14:26,265 [INFO] RtosManager:470 - Registered RTOS mode: class=RTOS, group=Core, mode=CMSIS_V2, owner=FREERTOS
2021-04-27 16:14:26,265 [WARN] ModelIntegratedComponent:182 - Missing modes for component STMicroelectronics:FreeRTOS:0.0.1:STMicroelectronics:RTOS:FreeRTOS:Core:::10.2.0:
2021-04-27 16:14:26,265 [WARN] ModelIntegratedComponent:180 - Modes not found for component STMicroelectronics:USB_DEVICE:1.0.0:STMicroelectronics:USB::USB Device:Audio HS::1.0:USB_DEVICE_1_0_RESTRICTED_HS
2021-04-27 16:14:26,265 [WARN] ModelIntegratedComponent:186 - Modes not found for component STMicroelectronics:USB_DEVICE:1.0.0:STMicroelectronics:USB::USB Device:Audio HS::1.0:USB_DEVICE_1_0_RESTRICTED_HS
2021-04-27 16:14:26,265 [WARN] ModelIntegratedComponent:180 - Modes not found for component STMicroelectronics:USB_DEVICE:1.0.0:STMicroelectronics:USB::USB Device:CDC HS::1.0:USB_DEVICE_1_0_RESTRICTED_HS
2021-04-27 16:14:26,265 [WARN] ModelIntegratedComponent:186 - Modes not found for component STMicroelectronics:USB_DEVICE:1.0.0:STMicroelectronics:USB::USB Device:CDC HS::1.0:USB_DEVICE_1_0_RESTRICTED_HS
2021-04-27 16:14:26,265 [WARN] ModelIntegratedComponent:180 - Modes not found for component STMicroelectronics:USB_DEVICE:1.0.0:STMicroelectronics:USB::USB Device:DFU HS::1.0:USB_DEVICE_1_0_RESTRICTED_HS
2021-04-27 16:14:26,265 [WARN] ModelIntegratedComponent:186 - Modes not found for component STMicroelectronics:USB_DEVICE:1.0.0:STMicroelectronics:USB::USB Device:DFU HS::1.0:USB_DEVICE_1_0_RESTRICTED_HS
2021-04-27 16:14:26,265 [WARN] ModelIntegratedComponent:180 - Modes not found for component STMicroelectronics:USB_DEVICE:1.0.0:STMicroelectronics:USB::USB Device:HID HS::1.0:USB_DEVICE_1_0_RESTRICTED_HS
2021-04-27 16:14:26,265 [WARN] ModelIntegratedComponent:186 - Modes not found for component STMicroelectronics:USB_DEVICE:1.0.0:STMicroelectronics:USB::USB Device:HID HS::1.0:USB_DEVICE_1_0_RESTRICTED_HS
2021-04-27 16:14:26,265 [WARN] ModelIntegratedComponent:180 - Modes not found for component STMicroelectronics:USB_DEVICE:1.0.0:STMicroelectronics:USB::USB Device:Custom HID HS::1.0:USB_DEVICE_1_0_RESTRICTED_HS
2021-04-27 16:14:26,265 [WARN] ModelIntegratedComponent:186 - Modes not found for component STMicroelectronics:USB_DEVICE:1.0.0:STMicroelectronics:USB::USB Device:Custom HID HS::1.0:USB_DEVICE_1_0_RESTRICTED_HS
2021-04-27 16:14:26,273 [WARN] ModelIntegratedComponent:180 - Modes not found for component STMicroelectronics:USB_DEVICE:1.0.0:STMicroelectronics:USB::USB Device:MSC HS::1.0:USB_DEVICE_1_0_RESTRICTED_HS
2021-04-27 16:14:26,273 [WARN] ModelIntegratedComponent:186 - Modes not found for component STMicroelectronics:USB_DEVICE:1.0.0:STMicroelectronics:USB::USB Device:MSC HS::1.0:USB_DEVICE_1_0_RESTRICTED_HS
2021-04-27 16:14:26,273 [WARN] ApiManager:294 - Cannot register API 'Board Extension:GNSS1A1' from pack STMicroelectronics.X-CUBE-GNSS1.5.2.0: no header file found
2021-04-27 16:14:26,273 [WARN] ApiManager:294 - Cannot register API 'Board Support:Custom' from pack STMicroelectronics.X-CUBE-GNSS1.5.2.0: no header file found
2021-04-27 16:14:26,273 [WARN] ApiManager:294 - Cannot register API 'Data Exchange:lib_gnss' from pack STMicroelectronics.X-CUBE-GNSS1.5.2.0: no header file found
2021-04-27 16:14:26,273 [WARN] ApiManager:294 - Cannot register API 'Wireless:BlueNRG-MS' from pack STMicroelectronics.X-CUBE-BLE1.6.1.0: no header file found
2021-04-27 16:14:26,273 [WARN] ModelIntegratedComponent:180 - Modes not found for component STMicroelectronics:USB_HOST:1.0.0:STMicroelectronics:USB::USB Host:Audio HS::1.0:USB_HOST_1_0_RESTRICTED_HS
2021-04-27 16:14:26,273 [WARN] ModelIntegratedComponent:186 - Modes not found for component STMicroelectronics:USB_HOST:1.0.0:STMicroelectronics:USB::USB Host:Audio HS::1.0:USB_HOST_1_0_RESTRICTED_HS
2021-04-27 16:14:26,273 [WARN] ModelIntegratedComponent:180 - Modes not found for component STMicroelectronics:USB_HOST:1.0.0:STMicroelectronics:USB::USB Host:CDC HS::1.0:USB_HOST_1_0_RESTRICTED_HS
2021-04-27 16:14:26,273 [WARN] ModelIntegratedComponent:186 - Modes not found for component STMicroelectronics:USB_HOST:1.0.0:STMicroelectronics:USB::USB Host:CDC HS::1.0:USB_HOST_1_0_RESTRICTED_HS
2021-04-27 16:14:26,273 [WARN] ModelIntegratedComponent:180 - Modes not found for component STMicroelectronics:USB_HOST:1.0.0:STMicroelectronics:USB::USB Host:MSC HS::1.0:USB_HOST_1_0_RESTRICTED_HS
2021-04-27 16:14:26,273 [WARN] ModelIntegratedComponent:186 - Modes not found for component STMicroelectronics:USB_HOST:1.0.0:STMicroelectronics:USB::USB Host:MSC HS::1.0:USB_HOST_1_0_RESTRICTED_HS
2021-04-27 16:14:26,281 [WARN] ModelIntegratedComponent:180 - Modes not found for component STMicroelectronics:USB_HOST:1.0.0:STMicroelectronics:USB::USB Host:HID HS::1.0:USB_HOST_1_0_RESTRICTED_HS
2021-04-27 16:14:26,281 [WARN] ModelIntegratedComponent:186 - Modes not found for component STMicroelectronics:USB_HOST:1.0.0:STMicroelectronics:USB::USB Host:HID HS::1.0:USB_HOST_1_0_RESTRICTED_HS
2021-04-27 16:14:26,281 [WARN] ModelIntegratedComponent:180 - Modes not found for component STMicroelectronics:USB_HOST:1.0.0:STMicroelectronics:USB::USB Host:MTP HS::1.0:USB_HOST_1_0_RESTRICTED_HS
2021-04-27 16:14:26,281 [WARN] ModelIntegratedComponent:186 - Modes not found for component STMicroelectronics:USB_HOST:1.0.0:STMicroelectronics:USB::USB Host:MTP HS::1.0:USB_HOST_1_0_RESTRICTED_HS
2021-04-27 16:14:26,281 [WARN] ApiManager:294 - Cannot register API 'Board Extension:NFC04A1' from pack STMicroelectronics.X-CUBE-NFC4.2.0.2: no header file found
2021-04-27 16:14:26,281 [WARN] ApiManager:294 - Cannot register API 'Wireless:BlueNRG-2' from pack STMicroelectronics.X-CUBE-BLE2.3.2.0: no header file found
2021-04-27 16:14:27,280 [INFO] UtilMem:74 - End LoadConfig() Used Memory: 480153104 Bytes (943718400)
2021-04-27 16:14:27,336 [WARN] ThirdParty:762 - waiting for thirdparty lock release [change project]
2021-04-27 16:14:27,336 [INFO] ThirdParty:764 - entering critical section [change project]
2021-04-27 16:14:27,336 [INFO] ThirdParty:952 - CMSIS Pack Vendor :RoweBots I-CUBE-UNISONRTOS 5.5.0-4
2021-04-27 16:14:27,336 [INFO] ThirdParty:952 - CMSIS Pack Vendor :STMicroelectronics X-CUBE-SFXS2LP1 3.0.0
2021-04-27 16:14:27,336 [INFO] ThirdParty:952 - CMSIS Pack Vendor :STMicroelectronics USB_HOST 2.0.0
2021-04-27 16:14:27,336 [INFO] ThirdParty:952 - CMSIS Pack Vendor :STMicroelectronics USB_DEVICE 3.0.0
2021-04-27 16:14:27,336 [INFO] ThirdParty:952 - CMSIS Pack Vendor :STMicroelectronics HAL Drivers 0.0.0
2021-04-27 16:14:27,336 [INFO] ThirdParty:952 - CMSIS Pack Vendor :STMicroelectronics MBEDTLS 2.16.2
2021-04-27 16:14:27,345 [INFO] ThirdParty:952 - CMSIS Pack Vendor :STMicroelectronics MBEDTLS 2.14.1
2021-04-27 16:14:27,345 [INFO] ThirdParty:952 - CMSIS Pack Vendor :STMicroelectronics X-CUBE-SUBG2 4.0.0
2021-04-27 16:14:27,345 [INFO] ThirdParty:952 - CMSIS Pack Vendor :STMicroelectronics X-CUBE-TOF1 1.0.0
2021-04-27 16:14:27,345 [INFO] ThirdParty:952 - CMSIS Pack Vendor :STMicroelectronics X-CUBE-AZRTOS-H7 1.0.0
2021-04-27 16:14:27,345 [INFO] ThirdParty:952 - CMSIS Pack Vendor :STMicroelectronics USB_DEVICE 2.0.0
2021-04-27 16:14:27,345 [INFO] ThirdParty:952 - CMSIS Pack Vendor :STMicroelectronics X-CUBE-EEPRMA1 3.0.0
2021-04-27 16:14:27,345 [INFO] ThirdParty:952 - CMSIS Pack Vendor :STMicroelectronics X-CUBE-MEMS1 8.3.0
2021-04-27 16:14:27,345 [INFO] ThirdParty:952 - CMSIS Pack Vendor :STMicroelectronics X-CUBE-DISPLAY 1.0.0
2021-04-27 16:14:27,345 [INFO] ThirdParty:952 - CMSIS Pack Vendor :STMicroelectronics FreeRTOS 0.0.1
2021-04-27 16:14:27,345 [INFO] ThirdParty:952 - CMSIS Pack Vendor :STMicroelectronics USB_DEVICE 1.0.0
2021-04-27 16:14:27,345 [INFO] ThirdParty:952 - CMSIS Pack Vendor :STMicroelectronics X-CUBE-AI 6.0.0
2021-04-27 16:14:27,345 [INFO] ThirdParty:952 - CMSIS Pack Vendor :STMicroelectronics X-CUBE-ALGOBUILD 1.2.0
2021-04-27 16:14:27,345 [INFO] ThirdParty:952 - CMSIS Pack Vendor :STMicroelectronics X-CUBE-GNSS1 5.2.0
2021-04-27 16:14:27,345 [INFO] ThirdParty:952 - CMSIS Pack Vendor :STMicroelectronics X-CUBE-BLE1 6.1.0
2021-04-27 16:14:27,345 [INFO] ThirdParty:952 - CMSIS Pack Vendor :STMicroelectronics lwIP 2.0.3
2021-04-27 16:14:27,345 [INFO] ThirdParty:952 - CMSIS Pack Vendor :STMicroelectronics lwIP 2.1.2
2021-04-27 16:14:27,345 [INFO] ThirdParty:952 - CMSIS Pack Vendor :STMicroelectronics USB_HOST 1.0.0
2021-04-27 16:14:27,345 [INFO] ThirdParty:952 - CMSIS Pack Vendor :STMicroelectronics X-CUBE-NFC4 2.0.2
2021-04-27 16:14:27,345 [INFO] ThirdParty:952 - CMSIS Pack Vendor :wolfSSL I-CUBE-wolfSSL 4.7.0
2021-04-27 16:14:27,345 [INFO] ThirdParty:952 - CMSIS Pack Vendor :STMicroelectronics X-CUBE-TOUCHGFX 4.16.1
2021-04-27 16:14:27,345 [INFO] ThirdParty:952 - CMSIS Pack Vendor :STMicroelectronics PDM2PCM 3.1.0
2021-04-27 16:14:27,345 [INFO] ThirdParty:952 - CMSIS Pack Vendor :STMicroelectronics PDM2PCM 3.2.0
2021-04-27 16:14:27,345 [INFO] ThirdParty:952 - CMSIS Pack Vendor :STMicroelectronics PDM2PCM 3.3.0
2021-04-27 16:14:27,345 [INFO] ThirdParty:952 - CMSIS Pack Vendor :STMicroelectronics X-CUBE-BLE2 3.2.0
2021-04-27 16:14:27,345 [INFO] ThirdParty:770 - exiting critical section [change project]
2021-04-27 16:14:28,272 [INFO] PinOutPanel:1435 - setPackage(No Configuration,No Configuration)
2021-04-27 16:14:28,288 [INFO] PinOutPanel:1435 - setPackage(STM32F401CCUx,UFQFPN48)
2021-04-27 16:14:29,497 [INFO] UtilMem:74 - Before build in PCC Used Memory: 408403456 Bytes (943718400)
2021-04-27 16:14:31,018 [INFO] SharedServices:72 - Folder for power plug-in: C:/Users/Miguel Ravagnani/.stm32cubemx/plugins/power
2021-04-27 16:14:31,090 [INFO] SharedServices:72 - Folder for power plug-in: C:/Users/Miguel Ravagnani/.stm32cubemx/plugins/power
2021-04-27 16:14:31,250 [INFO] SharedServices:72 - Folder for power plug-in: C:/Users/Miguel Ravagnani/.stm32cubemx/plugins/power
2021-04-27 16:14:31,258 [INFO] SharedServices:72 - Folder for power plug-in: C:/Users/Miguel Ravagnani/.stm32cubemx/plugins/power
2021-04-27 16:14:31,817 [INFO] UtilMem:74 - After build in PCC Used Memory: 492811776 Bytes (943718400)
2021-04-27 16:14:31,865 [INFO] IPUIPlugin:64 - create IPUIPlugin
2021-04-27 16:14:31,865 [INFO] IPUIPlugin:64 - create IPUIPlugin
2021-04-27 16:14:31,865 [INFO] IPUIPlugin:64 - create IPUIPlugin
2021-04-27 16:14:31,865 [INFO] IPUIPlugin:64 - create IPUIPlugin
2021-04-27 16:14:31,865 [INFO] IPUIPlugin:64 - create IPUIPlugin
2021-04-27 16:14:31,865 [INFO] IPUIPlugin:64 - create IPUIPlugin
2021-04-27 16:14:31,865 [INFO] IPUIPlugin:64 - create IPUIPlugin
2021-04-27 16:14:31,865 [INFO] IPUIPlugin:64 - create IPUIPlugin
2021-04-27 16:14:31,865 [INFO] IPUIPlugin:64 - create IPUIPlugin
2021-04-27 16:14:31,865 [INFO] IPUIPlugin:64 - create IPUIPlugin
2021-04-27 16:14:31,865 [INFO] IPUIPlugin:64 - create IPUIPlugin
2021-04-27 16:14:31,865 [INFO] IPUIPlugin:64 - create IPUIPlugin
2021-04-27 16:14:31,873 [INFO] IPUIPlugin:64 - create IPUIPlugin
2021-04-27 16:14:31,873 [INFO] IPUIPlugin:64 - create IPUIPlugin
2021-04-27 16:14:31,873 [INFO] IPUIPlugin:64 - create IPUIPlugin
2021-04-27 16:14:31,873 [INFO] IPUIPlugin:64 - create IPUIPlugin
2021-04-27 16:14:31,873 [INFO] IPUIPlugin:64 - create IPUIPlugin
2021-04-27 16:14:31,873 [INFO] IPUIPlugin:64 - create IPUIPlugin
2021-04-27 16:14:31,873 [INFO] IPUIPlugin:64 - create IPUIPlugin
2021-04-27 16:14:31,873 [INFO] IPUIPlugin:64 - create IPUIPlugin
2021-04-27 16:14:31,873 [INFO] IPUIPlugin:64 - create IPUIPlugin
2021-04-27 16:14:31,881 [INFO] IPUIPlugin:64 - create IPUIPlugin
2021-04-27 16:14:31,881 [INFO] IPUIPlugin:64 - create IPUIPlugin
2021-04-27 16:14:31,881 [INFO] IPUIPlugin:64 - create IPUIPlugin
2021-04-27 16:14:31,881 [INFO] IPUIPlugin:64 - create IPUIPlugin
2021-04-27 16:14:31,881 [INFO] IPUIPlugin:64 - create IPUIPlugin
2021-04-27 16:14:31,881 [INFO] IPUIPlugin:64 - create IPUIPlugin
2021-04-27 16:14:31,881 [INFO] IPUIPlugin:64 - create IPUIPlugin
2021-04-27 16:14:31,881 [INFO] IPUIPlugin:64 - create IPUIPlugin
2021-04-27 16:14:31,881 [INFO] IPUIPlugin:64 - create IPUIPlugin
2021-04-27 16:14:31,889 [INFO] IPUIPlugin:64 - create IPUIPlugin
2021-04-27 16:14:31,889 [INFO] IPUIPlugin:64 - create IPUIPlugin
2021-04-27 16:14:31,889 [INFO] IPUIPlugin:64 - create IPUIPlugin
2021-04-27 16:14:31,889 [INFO] IPUIPlugin:64 - create IPUIPlugin
2021-04-27 16:14:31,889 [INFO] IPUIPlugin:64 - create IPUIPlugin
2021-04-27 16:14:31,897 [INFO] IPUIPlugin:64 - create IPUIPlugin
2021-04-27 16:14:31,897 [INFO] IPUIPlugin:64 - create IPUIPlugin
2021-04-27 16:14:32,194 [INFO] ApiDbMcu:458 - Load IP Config File for PDM2PCM
2021-04-27 16:14:32,358 [INFO] LogOutputStream:76 - [STDOUT_REDIRECT] toolchainItems.length=====1
2021-04-27 16:14:32,673 [INFO] OpenFileManager:323 - Restore cursor
2021-04-27 16:14:33,574 [INFO] UtilMem:74 - End SaveConfig() Used Memory: 556732592 Bytes (943718400)
2021-04-27 16:14:34,802 [INFO] ServerAccessManage:348 - Download File stm32cube_fw_f4_v1260.zip
2021-04-27 16:16:31,226 [INFO] FileExtend:225 - Unzip File : stm32cube_fw_f4_v1260.zip
2021-04-27 16:16:31,226 [INFO] FileExtend:240 - Standard Zip Deflate
2021-04-27 16:22:20,042 [INFO] ServerAccessManage:348 - Download File stm32cube_fw_f4_v1261.zip
2021-04-27 16:22:21,049 [INFO] FileExtend:225 - Unzip File : stm32cube_fw_f4_v1261.zip
2021-04-27 16:22:21,049 [INFO] FileExtend:240 - Standard Zip Deflate
2021-04-27 16:22:23,693 [INFO] LoadServerPackagesThread:169 - End of LoadServerPackages Thread
2021-04-27 16:22:24,057 [INFO] UtilMem:74 - End SaveConfig() Used Memory: 907178760 Bytes (1073741824)
2021-04-27 16:22:24,438 [INFO] CheckServerUpdateThread:102 - End of CheckServer Thread
2021-04-27 16:22:25,039 [INFO] BlockDiagram:2735 - set Specific Code input for plugin: NVIC
2021-04-27 16:22:25,039 [INFO] BlockDiagram:2735 - set Specific Code input for plugin: SYS
2021-04-27 16:22:25,039 [INFO] BlockDiagram:2735 - set Specific Code input for plugin: RCC
2021-04-27 16:22:25,071 [INFO] CodeGenerator:641 - code generatio: config db path: C:\ST\STM32CubeIDE_1.6.0\STM32CubeIDE\plugins\com.st.stm32cube.common.mx_6.2.0.202102191602\\db\
2021-04-27 16:22:26,625 [INFO] CodeEngine:229 - oldGeneratedFile, C:\Users\Miguel Ravagnani\Documents\GitHub\SEMB1_Project\STMCubeIDE_Workspace\Project\MXTmpFiles\license.tmp_save
2021-04-27 16:22:28,273 [INFO] CodeEngine:247 - Generated code: C:\Users\Miguel Ravagnani\Documents\GitHub\SEMB1_Project\STMCubeIDE_Workspace\Project\MXTmpFiles\license.tmp
2021-04-27 16:22:28,848 [INFO] CodeEngine:229 - oldGeneratedFile, C:\Users\Miguel Ravagnani\Documents\GitHub\SEMB1_Project\STMCubeIDE_Workspace\Project\Core\Src\stm32f4xx_it.c_save
2021-04-27 16:22:29,169 [INFO] CodeEngine:247 - Generated code: C:\Users\Miguel Ravagnani\Documents\GitHub\SEMB1_Project\STMCubeIDE_Workspace\Project\Core\Src\stm32f4xx_it.c
2021-04-27 16:22:29,201 [INFO] CodeEngine:229 - oldGeneratedFile, C:\Users\Miguel Ravagnani\Documents\GitHub\SEMB1_Project\STMCubeIDE_Workspace\Project\Core\Inc\stm32f4xx_it.h_save
2021-04-27 16:22:29,417 [INFO] CodeEngine:247 - Generated code: C:\Users\Miguel Ravagnani\Documents\GitHub\SEMB1_Project\STMCubeIDE_Workspace\Project\Core\Inc\stm32f4xx_it.h
2021-04-27 16:22:29,513 [INFO] CodeEngine:229 - oldGeneratedFile, C:\Users\Miguel Ravagnani\Documents\GitHub\SEMB1_Project\STMCubeIDE_Workspace\Project\Core\Src\stm32f4xx_hal_msp.c_save
2021-04-27 16:22:29,748 [INFO] CodeEngine:247 - Generated code: C:\Users\Miguel Ravagnani\Documents\GitHub\SEMB1_Project\STMCubeIDE_Workspace\Project\Core\Src\stm32f4xx_hal_msp.c
2021-04-27 16:22:29,798 [INFO] CodeEngine:229 - oldGeneratedFile, C:\Users\Miguel Ravagnani\Documents\GitHub\SEMB1_Project\STMCubeIDE_Workspace\Project\MXTmpFiles\system.tmp_save
2021-04-27 16:22:29,934 [INFO] CodeEngine:247 - Generated code: C:\Users\Miguel Ravagnani\Documents\GitHub\SEMB1_Project\STMCubeIDE_Workspace\Project\MXTmpFiles\system.tmp
2021-04-27 16:22:30,054 [INFO] CodeEngine:229 - oldGeneratedFile, C:\Users\Miguel Ravagnani\Documents\GitHub\SEMB1_Project\STMCubeIDE_Workspace\Project\Core\Inc\stm32f4xx_hal_conf.h_save
2021-04-27 16:22:30,230 [INFO] CodeEngine:247 - Generated code: C:\Users\Miguel Ravagnani\Documents\GitHub\SEMB1_Project\STMCubeIDE_Workspace\Project\Core\Inc\stm32f4xx_hal_conf.h
2021-04-27 16:22:30,467 [INFO] CodeEngine:229 - oldGeneratedFile, C:\Users\Miguel Ravagnani\Documents\GitHub\SEMB1_Project\STMCubeIDE_Workspace\Project\Core\Inc\main.h_save
2021-04-27 16:22:30,659 [INFO] CodeEngine:247 - Generated code: C:\Users\Miguel Ravagnani\Documents\GitHub\SEMB1_Project\STMCubeIDE_Workspace\Project\Core\Inc\main.h
2021-04-27 16:22:30,707 [INFO] CodeEngine:229 - oldGeneratedFile, C:\Users\Miguel Ravagnani\Documents\GitHub\SEMB1_Project\STMCubeIDE_Workspace\Project\Core\Src\main.c_save
2021-04-27 16:22:30,939 [INFO] CodeEngine:247 - Generated code: C:\Users\Miguel Ravagnani\Documents\GitHub\SEMB1_Project\STMCubeIDE_Workspace\Project\Core\Src\main.c
